\BOOKMARK [0][-]{chapter.1}{\376\377\000I\000n\000t\000r\000o\000d\000u\000c\000t\000i\000o\000n}{}% 1
\BOOKMARK [1][-]{section.1.1}{\376\377\000I\000n\000t\000r\000o\000d\000u\000c\000t\000i\000o\000n}{chapter.1}% 2
\BOOKMARK [1][-]{section.1.2}{\376\377\000O\000b\000j\000e\000c\000t\000\040\000F\000i\000l\000e\000s}{chapter.1}% 3
\BOOKMARK [2][-]{subsection.1.2.1}{\376\377\000T\000h\000e\000\040\000H\000e\000a\000d\000e\000r\000\040\000R\000e\000c\000o\000r\000d}{section.1.2}% 4
\BOOKMARK [2][-]{subsection.1.2.2}{\376\377\000T\000e\000x\000t\000\040\000R\000e\000c\000o\000r\000d\000s}{section.1.2}% 5
\BOOKMARK [2][-]{subsection.1.2.3}{\376\377\000T\000h\000e\000\040\000E\000n\000d\000\040\000R\000e\000c\000o\000r\000d}{section.1.2}% 6
\BOOKMARK [1][-]{section.1.3}{\376\377\000I\000n\000t\000e\000r\000a\000c\000t\000i\000o\000n}{chapter.1}% 7
\BOOKMARK [2][-]{subsection.1.3.1}{\376\377\000C\000o\000m\000p\000o\000n\000e\000n\000t\000s}{section.1.3}% 8
\BOOKMARK [3][-]{subsubsection.1.3.1.1}{\376\377\000L\000o\000a\000d\000i\000n\000g}{subsection.1.3.1}% 9
\BOOKMARK [3][-]{subsubsection.1.3.1.2}{\376\377\000E\000x\000e\000c\000u\000t\000i\000n\000g}{subsection.1.3.1}% 10
\BOOKMARK [2][-]{subsection.1.3.2}{\376\377\000W\000i\000-\0001\0001\000\040\000I\000n\000s\000t\000r\000u\000c\000t\000i\000o\000n\000\040\000S\000e\000t}{section.1.3}% 11
\BOOKMARK [3][-]{subsubsection.1.3.2.1}{\376\377\000O\000f\000f\000s\000e\000t\000s}{subsection.1.3.2}% 12
\BOOKMARK [3][-]{subsubsection.1.3.2.2}{\376\377\000I\000n\000t\000r\000o\000d\000u\000c\000t\000i\000o\000n}{subsection.1.3.2}% 13
\BOOKMARK [3][-]{subsubsection.1.3.2.3}{\376\377\000I\000n\000t\000r\000u\000c\000t\000i\000o\000n\000s}{subsection.1.3.2}% 14
\BOOKMARK [0][-]{chapter.2}{\376\377\000N\000a\000m\000e\000s\000p\000a\000c\000e\000\040\000I\000n\000d\000e\000x}{}% 15
\BOOKMARK [1][-]{section.2.1}{\376\377\000N\000a\000m\000e\000s\000p\000a\000c\000e\000\040\000L\000i\000s\000t}{chapter.2}% 16
\BOOKMARK [0][-]{chapter.3}{\376\377\000C\000l\000a\000s\000s\000\040\000I\000n\000d\000e\000x}{}% 17
\BOOKMARK [1][-]{section.3.1}{\376\377\000C\000l\000a\000s\000s\000\040\000H\000i\000e\000r\000a\000r\000c\000h\000y}{chapter.3}% 18
\BOOKMARK [0][-]{chapter.4}{\376\377\000C\000l\000a\000s\000s\000\040\000I\000n\000d\000e\000x}{}% 19
\BOOKMARK [1][-]{section.4.1}{\376\377\000C\000l\000a\000s\000s\000\040\000L\000i\000s\000t}{chapter.4}% 20
\BOOKMARK [0][-]{chapter.5}{\376\377\000F\000i\000l\000e\000\040\000I\000n\000d\000e\000x}{}% 21
\BOOKMARK [1][-]{section.5.1}{\376\377\000F\000i\000l\000e\000\040\000L\000i\000s\000t}{chapter.5}% 22
\BOOKMARK [0][-]{chapter.6}{\376\377\000N\000a\000m\000e\000s\000p\000a\000c\000e\000\040\000D\000o\000c\000u\000m\000e\000n\000t\000a\000t\000i\000o\000n}{}% 23
\BOOKMARK [1][-]{section.6.1}{\376\377\000C\000o\000d\000e\000s\000\040\000N\000a\000m\000e\000s\000p\000a\000c\000e\000\040\000R\000e\000f\000e\000r\000e\000n\000c\000e}{chapter.6}% 24
\BOOKMARK [2][-]{subsection.6.1.1}{\376\377\000D\000e\000t\000a\000i\000l\000e\000d\000\040\000D\000e\000s\000c\000r\000i\000p\000t\000i\000o\000n}{section.6.1}% 25
\BOOKMARK [1][-]{section.6.2}{\376\377\000D\000e\000c\000o\000d\000e\000r\000\137\000D\000i\000r\000e\000c\000t\000o\000r\000y\000\040\000N\000a\000m\000e\000s\000p\000a\000c\000e\000\040\000R\000e\000f\000e\000r\000e\000n\000c\000e}{chapter.6}% 26
\BOOKMARK [2][-]{subsection.6.2.1}{\376\377\000D\000e\000t\000a\000i\000l\000e\000d\000\040\000D\000e\000s\000c\000r\000i\000p\000t\000i\000o\000n}{section.6.2}% 27
\BOOKMARK [0][-]{chapter.7}{\376\377\000C\000l\000a\000s\000s\000\040\000D\000o\000c\000u\000m\000e\000n\000t\000a\000t\000i\000o\000n}{}% 28
\BOOKMARK [1][-]{section.7.1}{\376\377\000D\000e\000c\000o\000d\000e\000r\000\040\000C\000l\000a\000s\000s\000\040\000R\000e\000f\000e\000r\000e\000n\000c\000e}{chapter.7}% 29
\BOOKMARK [1][-]{section.7.2}{\376\377\000i\000D\000e\000c\000o\000d\000e\000r\000\040\000C\000l\000a\000s\000s\000\040\000R\000e\000f\000e\000r\000e\000n\000c\000e}{chapter.7}% 30
\BOOKMARK [2][-]{subsection.7.2.1}{\376\377\000D\000e\000t\000a\000i\000l\000e\000d\000\040\000D\000e\000s\000c\000r\000i\000p\000t\000i\000o\000n}{section.7.2}% 31
\BOOKMARK [2][-]{subsection.7.2.2}{\376\377\000M\000e\000m\000b\000e\000r\000\040\000F\000u\000n\000c\000t\000i\000o\000n\000\040\000D\000o\000c\000u\000m\000e\000n\000t\000a\000t\000i\000o\000n}{section.7.2}% 32
\BOOKMARK [3][-]{subsubsection.7.2.2.1}{\376\377\000D\000e\000c\000o\000d\000e\000I\000n\000s\000t\000r\000u\000c\000t\000i\000o\000n}{subsection.7.2.2}% 33
\BOOKMARK [1][-]{section.7.3}{\376\377\000i\000L\000o\000a\000d\000e\000r\000\040\000C\000l\000a\000s\000s\000\040\000R\000e\000f\000e\000r\000e\000n\000c\000e}{chapter.7}% 34
\BOOKMARK [2][-]{subsection.7.3.1}{\376\377\000D\000e\000t\000a\000i\000l\000e\000d\000\040\000D\000e\000s\000c\000r\000i\000p\000t\000i\000o\000n}{section.7.3}% 35
\BOOKMARK [2][-]{subsection.7.3.2}{\376\377\000M\000e\000m\000b\000e\000r\000\040\000F\000u\000n\000c\000t\000i\000o\000n\000\040\000D\000o\000c\000u\000m\000e\000n\000t\000a\000t\000i\000o\000n}{section.7.3}% 36
\BOOKMARK [3][-]{subsubsection.7.3.2.1}{\376\377\000L\000o\000a\000d}{subsection.7.3.2}% 37
\BOOKMARK [1][-]{section.7.4}{\376\377\000i\000M\000e\000m\000o\000r\000y\000\040\000C\000l\000a\000s\000s\000\040\000R\000e\000f\000e\000r\000e\000n\000c\000e}{chapter.7}% 38
\BOOKMARK [2][-]{subsection.7.4.1}{\376\377\000D\000e\000t\000a\000i\000l\000e\000d\000\040\000D\000e\000s\000c\000r\000i\000p\000t\000i\000o\000n}{section.7.4}% 39
\BOOKMARK [2][-]{subsection.7.4.2}{\376\377\000M\000e\000m\000b\000e\000r\000\040\000F\000u\000n\000c\000t\000i\000o\000n\000\040\000D\000o\000c\000u\000m\000e\000n\000t\000a\000t\000i\000o\000n}{section.7.4}% 40
\BOOKMARK [3][-]{subsubsection.7.4.2.1}{\376\377\000R\000e\000s\000e\000r\000v\000e}{subsection.7.4.2}% 41
\BOOKMARK [3][-]{subsubsection.7.4.2.2}{\376\377\000L\000o\000a\000d}{subsection.7.4.2}% 42
\BOOKMARK [3][-]{subsubsection.7.4.2.3}{\376\377\000S\000t\000o\000r\000e}{subsection.7.4.2}% 43
\BOOKMARK [1][-]{section.7.5}{\376\377\000I\000n\000s\000t\000r\000u\000c\000t\000i\000o\000n\000\040\000S\000t\000r\000u\000c\000t\000\040\000R\000e\000f\000e\000r\000e\000n\000c\000e}{chapter.7}% 44
\BOOKMARK [2][-]{subsection.7.5.1}{\376\377\000D\000e\000t\000a\000i\000l\000e\000d\000\040\000D\000e\000s\000c\000r\000i\000p\000t\000i\000o\000n}{section.7.5}% 45
\BOOKMARK [2][-]{subsection.7.5.2}{\376\377\000M\000e\000m\000b\000e\000r\000\040\000D\000a\000t\000a\000\040\000D\000o\000c\000u\000m\000e\000n\000t\000a\000t\000i\000o\000n}{section.7.5}% 46
\BOOKMARK [3][-]{subsubsection.7.5.2.1}{\376\377\000d\000a\000t\000a}{subsection.7.5.2}% 47
\BOOKMARK [1][-]{section.7.6}{\376\377\000i\000O\000b\000j\000P\000a\000r\000s\000e\000r\000\040\000C\000l\000a\000s\000s\000\040\000R\000e\000f\000e\000r\000e\000n\000c\000e}{chapter.7}% 48
\BOOKMARK [2][-]{subsection.7.6.1}{\376\377\000D\000e\000t\000a\000i\000l\000e\000d\000\040\000D\000e\000s\000c\000r\000i\000p\000t\000i\000o\000n}{section.7.6}% 49
\BOOKMARK [2][-]{subsection.7.6.2}{\376\377\000M\000e\000m\000b\000e\000r\000\040\000F\000u\000n\000c\000t\000i\000o\000n\000\040\000D\000o\000c\000u\000m\000e\000n\000t\000a\000t\000i\000o\000n}{section.7.6}% 50
\BOOKMARK [3][-]{subsubsection.7.6.2.1}{\376\377\000I\000n\000i\000t\000i\000a\000l\000i\000z\000e}{subsection.7.6.2}% 51
\BOOKMARK [3][-]{subsubsection.7.6.2.2}{\376\377\000G\000e\000t\000N\000e\000x\000t}{subsection.7.6.2}% 52
\BOOKMARK [1][-]{section.7.7}{\376\377\000i\000R\000e\000g\000i\000s\000t\000e\000r\000\040\000C\000l\000a\000s\000s\000\040\000R\000e\000f\000e\000r\000e\000n\000c\000e}{chapter.7}% 53
\BOOKMARK [2][-]{subsection.7.7.1}{\376\377\000D\000e\000t\000a\000i\000l\000e\000d\000\040\000D\000e\000s\000c\000r\000i\000p\000t\000i\000o\000n}{section.7.7}% 54
\BOOKMARK [2][-]{subsection.7.7.2}{\376\377\000M\000e\000m\000b\000e\000r\000\040\000F\000u\000n\000c\000t\000i\000o\000n\000\040\000D\000o\000c\000u\000m\000e\000n\000t\000a\000t\000i\000o\000n}{section.7.7}% 55
\BOOKMARK [3][-]{subsubsection.7.7.2.1}{\376\377\000G\000e\000t\000V\000a\000l\000u\000e}{subsection.7.7.2}% 56
\BOOKMARK [3][-]{subsubsection.7.7.2.2}{\376\377\000A\000d\000d}{subsection.7.7.2}% 57
\BOOKMARK [3][-]{subsubsection.7.7.2.3}{\376\377\000A\000d\000d}{subsection.7.7.2}% 58
\BOOKMARK [3][-]{subsubsection.7.7.2.4}{\376\377\000o\000p\000e\000r\000a\000t\000o\000r\000+}{subsection.7.7.2}% 59
\BOOKMARK [3][-]{subsubsection.7.7.2.5}{\376\377\000S\000u\000b\000t\000r\000a\000c\000t}{subsection.7.7.2}% 60
\BOOKMARK [3][-]{subsubsection.7.7.2.6}{\376\377\000S\000u\000b\000t\000r\000a\000c\000t}{subsection.7.7.2}% 61
\BOOKMARK [3][-]{subsubsection.7.7.2.7}{\376\377\000o\000p\000e\000r\000a\000t\000o\000r\000-}{subsection.7.7.2}% 62
\BOOKMARK [3][-]{subsubsection.7.7.2.8}{\376\377\000A\000n\000d}{subsection.7.7.2}% 63
\BOOKMARK [3][-]{subsubsection.7.7.2.9}{\376\377\000A\000n\000d}{subsection.7.7.2}% 64
\BOOKMARK [3][-]{subsubsection.7.7.2.10}{\376\377\000O\000r}{subsection.7.7.2}% 65
\BOOKMARK [3][-]{subsubsection.7.7.2.11}{\376\377\000O\000r}{subsection.7.7.2}% 66
\BOOKMARK [3][-]{subsubsection.7.7.2.12}{\376\377\000N\000o\000t}{subsection.7.7.2}% 67
\BOOKMARK [3][-]{subsubsection.7.7.2.13}{\376\377\000N\000o\000t}{subsection.7.7.2}% 68
\BOOKMARK [3][-]{subsubsection.7.7.2.14}{\376\377\000S\000t\000o\000r\000e}{subsection.7.7.2}% 69
\BOOKMARK [3][-]{subsubsection.7.7.2.15}{\376\377\000S\000t\000o\000r\000e}{subsection.7.7.2}% 70
\BOOKMARK [3][-]{subsubsection.7.7.2.16}{\376\377\000o\000p\000e\000r\000a\000t\000o\000r\000=}{subsection.7.7.2}% 71
\BOOKMARK [3][-]{subsubsection.7.7.2.17}{\376\377\000o\000p\000e\000r\000a\000t\000o\000r\000=}{subsection.7.7.2}% 72
\BOOKMARK [3][-]{subsubsection.7.7.2.18}{\376\377\000o\000p\000e\000r\000a\000t\000o\000r\000+\000+}{subsection.7.7.2}% 73
\BOOKMARK [3][-]{subsubsection.7.7.2.19}{\376\377\000o\000p\000e\000r\000a\000t\000o\000r\000+\000+}{subsection.7.7.2}% 74
\BOOKMARK [1][-]{section.7.8}{\376\377\000i\000W\000i\0001\0001\000\040\000C\000l\000a\000s\000s\000\040\000R\000e\000f\000e\000r\000e\000n\000c\000e}{chapter.7}% 75
\BOOKMARK [2][-]{subsection.7.8.1}{\376\377\000D\000e\000t\000a\000i\000l\000e\000d\000\040\000D\000e\000s\000c\000r\000i\000p\000t\000i\000o\000n}{section.7.8}% 76
\BOOKMARK [2][-]{subsection.7.8.2}{\376\377\000M\000e\000m\000b\000e\000r\000\040\000F\000u\000n\000c\000t\000i\000o\000n\000\040\000D\000o\000c\000u\000m\000e\000n\000t\000a\000t\000i\000o\000n}{section.7.8}% 77
\BOOKMARK [3][-]{subsubsection.7.8.2.1}{\376\377\000\137\000G\000e\000t\000R\000e\000g\000i\000s\000t\000e\000r}{subsection.7.8.2}% 78
\BOOKMARK [3][-]{subsubsection.7.8.2.2}{\376\377\000\137\000A\000d\000d}{subsection.7.8.2}% 79
\BOOKMARK [3][-]{subsubsection.7.8.2.3}{\376\377\000\137\000A\000d\000d}{subsection.7.8.2}% 80
\BOOKMARK [3][-]{subsubsection.7.8.2.4}{\376\377\000\137\000A\000n\000d}{subsection.7.8.2}% 81
\BOOKMARK [3][-]{subsubsection.7.8.2.5}{\376\377\000\137\000A\000n\000d}{subsection.7.8.2}% 82
\BOOKMARK [3][-]{subsubsection.7.8.2.6}{\376\377\000\137\000B\000r\000a\000n\000c\000h}{subsection.7.8.2}% 83
\BOOKMARK [3][-]{subsubsection.7.8.2.7}{\376\377\000\137\000D\000e\000b\000u\000g}{subsection.7.8.2}% 84
\BOOKMARK [3][-]{subsubsection.7.8.2.8}{\376\377\000\137\000J\000S\000R}{subsection.7.8.2}% 85
\BOOKMARK [3][-]{subsubsection.7.8.2.9}{\376\377\000\137\000J\000S\000R\000R}{subsection.7.8.2}% 86
\BOOKMARK [3][-]{subsubsection.7.8.2.10}{\376\377\000\137\000L\000o\000a\000d}{subsection.7.8.2}% 87
\BOOKMARK [3][-]{subsubsection.7.8.2.11}{\376\377\000\137\000L\000o\000a\000d\000I}{subsection.7.8.2}% 88
\BOOKMARK [3][-]{subsubsection.7.8.2.12}{\376\377\000\137\000L\000o\000a\000d\000R}{subsection.7.8.2}% 89
\BOOKMARK [3][-]{subsubsection.7.8.2.13}{\376\377\000\137\000N\000o\000t}{subsection.7.8.2}% 90
\BOOKMARK [3][-]{subsubsection.7.8.2.14}{\376\377\000\137\000R\000e\000t}{subsection.7.8.2}% 91
\BOOKMARK [3][-]{subsubsection.7.8.2.15}{\376\377\000\137\000S\000t\000o\000r\000e}{subsection.7.8.2}% 92
\BOOKMARK [3][-]{subsubsection.7.8.2.16}{\376\377\000\137\000S\000T\000I}{subsection.7.8.2}% 93
\BOOKMARK [3][-]{subsubsection.7.8.2.17}{\376\377\000\137\000S\000T\000R}{subsection.7.8.2}% 94
\BOOKMARK [3][-]{subsubsection.7.8.2.18}{\376\377\000\137\000T\000r\000a\000p}{subsection.7.8.2}% 95
\BOOKMARK [3][-]{subsubsection.7.8.2.19}{\376\377\000L\000o\000a\000d\000O\000b\000j}{subsection.7.8.2}% 96
\BOOKMARK [3][-]{subsubsection.7.8.2.20}{\376\377\000D\000i\000s\000p\000l\000a\000y\000M\000e\000m\000o\000r\000y}{subsection.7.8.2}% 97
\BOOKMARK [3][-]{subsubsection.7.8.2.21}{\376\377\000D\000i\000s\000p\000l\000a\000y\000R\000e\000g\000i\000s\000t\000e\000r\000s}{subsection.7.8.2}% 98
\BOOKMARK [3][-]{subsubsection.7.8.2.22}{\376\377\000E\000x\000e\000c\000u\000t\000e\000N\000e\000x\000t}{subsection.7.8.2}% 99
\BOOKMARK [1][-]{section.7.9}{\376\377\000i\000W\000o\000r\000d\000\040\000C\000l\000a\000s\000s\000\040\000R\000e\000f\000e\000r\000e\000n\000c\000e}{chapter.7}% 100
\BOOKMARK [2][-]{subsection.7.9.1}{\376\377\000D\000e\000t\000a\000i\000l\000e\000d\000\040\000D\000e\000s\000c\000r\000i\000p\000t\000i\000o\000n}{section.7.9}% 101
\BOOKMARK [2][-]{subsection.7.9.2}{\376\377\000M\000e\000m\000b\000e\000r\000\040\000F\000u\000n\000c\000t\000i\000o\000n\000\040\000D\000o\000c\000u\000m\000e\000n\000t\000a\000t\000i\000o\000n}{section.7.9}% 102
\BOOKMARK [3][-]{subsubsection.7.9.2.1}{\376\377\000T\000o\000I\000n\000t}{subsection.7.9.2}% 103
\BOOKMARK [3][-]{subsubsection.7.9.2.2}{\376\377\000T\000o\000I\000n\000t\0002\000C\000o\000m\000p\000l\000e\000m\000e\000n\000t}{subsection.7.9.2}% 104
\BOOKMARK [3][-]{subsubsection.7.9.2.3}{\376\377\000T\000o\000S\000t\000r}{subsection.7.9.2}% 105
\BOOKMARK [3][-]{subsubsection.7.9.2.4}{\376\377\000T\000o\000H\000e\000x}{subsection.7.9.2}% 106
\BOOKMARK [3][-]{subsubsection.7.9.2.5}{\376\377\000F\000r\000o\000m\000I\000n\000t}{subsection.7.9.2}% 107
\BOOKMARK [3][-]{subsubsection.7.9.2.6}{\376\377\000F\000r\000o\000m\000S\000t\000r}{subsection.7.9.2}% 108
\BOOKMARK [3][-]{subsubsection.7.9.2.7}{\376\377\000F\000r\000o\000m\000H\000e\000x}{subsection.7.9.2}% 109
\BOOKMARK [3][-]{subsubsection.7.9.2.8}{\376\377\000A\000d\000d}{subsection.7.9.2}% 110
\BOOKMARK [3][-]{subsubsection.7.9.2.9}{\376\377\000o\000p\000e\000r\000a\000t\000o\000r\000+}{subsection.7.9.2}% 111
\BOOKMARK [3][-]{subsubsection.7.9.2.10}{\376\377\000S\000u\000b\000t\000r\000a\000c\000t}{subsection.7.9.2}% 112
\BOOKMARK [3][-]{subsubsection.7.9.2.11}{\376\377\000o\000p\000e\000r\000a\000t\000o\000r\000-}{subsection.7.9.2}% 113
\BOOKMARK [3][-]{subsubsection.7.9.2.12}{\376\377\000A\000n\000d}{subsection.7.9.2}% 114
\BOOKMARK [3][-]{subsubsection.7.9.2.13}{\376\377\000O\000r}{subsection.7.9.2}% 115
\BOOKMARK [3][-]{subsubsection.7.9.2.14}{\376\377\000N\000o\000t}{subsection.7.9.2}% 116
\BOOKMARK [3][-]{subsubsection.7.9.2.15}{\376\377\000C\000o\000p\000y}{subsection.7.9.2}% 117
\BOOKMARK [3][-]{subsubsection.7.9.2.16}{\376\377\000o\000p\000e\000r\000a\000t\000o\000r\000=}{subsection.7.9.2}% 118
\BOOKMARK [3][-]{subsubsection.7.9.2.17}{\376\377\000o\000p\000e\000r\000a\000t\000o\000r\000+\000+}{subsection.7.9.2}% 119
\BOOKMARK [3][-]{subsubsection.7.9.2.18}{\376\377\000o\000p\000e\000r\000a\000t\000o\000r\000+\000+}{subsection.7.9.2}% 120
\BOOKMARK [3][-]{subsubsection.7.9.2.19}{\376\377\000o\000p\000e\000r\000a\000t\000o\000r\000[\000]}{subsection.7.9.2}% 121
\BOOKMARK [3][-]{subsubsection.7.9.2.20}{\376\377\000S\000e\000t\000B\000i\000t}{subsection.7.9.2}% 122
\BOOKMARK [1][-]{section.7.10}{\376\377\000L\000o\000a\000d\000e\000r\000\040\000C\000l\000a\000s\000s\000\040\000R\000e\000f\000e\000r\000e\000n\000c\000e}{chapter.7}% 123
\BOOKMARK [2][-]{subsection.7.10.1}{\376\377\000D\000e\000t\000a\000i\000l\000e\000d\000\040\000D\000e\000s\000c\000r\000i\000p\000t\000i\000o\000n}{section.7.10}% 124
\BOOKMARK [2][-]{subsection.7.10.2}{\376\377\000C\000o\000n\000s\000t\000r\000u\000c\000t\000o\000r\000\040\000\046\000\040\000D\000e\000s\000t\000r\000u\000c\000t\000o\000r\000\040\000D\000o\000c\000u\000m\000e\000n\000t\000a\000t\000i\000o\000n}{section.7.10}% 125
\BOOKMARK [3][-]{subsubsection.7.10.2.1}{\376\377\000L\000o\000a\000d\000e\000r}{subsection.7.10.2}% 126
\BOOKMARK [1][-]{section.7.11}{\376\377\000M\000e\000m\000o\000r\000y\000\040\000C\000l\000a\000s\000s\000\040\000R\000e\000f\000e\000r\000e\000n\000c\000e}{chapter.7}% 127
\BOOKMARK [2][-]{subsection.7.11.1}{\376\377\000D\000e\000t\000a\000i\000l\000e\000d\000\040\000D\000e\000s\000c\000r\000i\000p\000t\000i\000o\000n}{section.7.11}% 128
\BOOKMARK [1][-]{section.7.12}{\376\377\000O\000b\000j\000e\000c\000t\000D\000a\000t\000a\000\040\000S\000t\000r\000u\000c\000t\000\040\000R\000e\000f\000e\000r\000e\000n\000c\000e}{chapter.7}% 129
\BOOKMARK [2][-]{subsection.7.12.1}{\376\377\000D\000e\000t\000a\000i\000l\000e\000d\000\040\000D\000e\000s\000c\000r\000i\000p\000t\000i\000o\000n}{section.7.12}% 130
\BOOKMARK [1][-]{section.7.13}{\376\377\000O\000b\000j\000P\000a\000r\000s\000e\000r\000\040\000C\000l\000a\000s\000s\000\040\000R\000e\000f\000e\000r\000e\000n\000c\000e}{chapter.7}% 131
\BOOKMARK [2][-]{subsection.7.13.1}{\376\377\000D\000e\000t\000a\000i\000l\000e\000d\000\040\000D\000e\000s\000c\000r\000i\000p\000t\000i\000o\000n}{section.7.13}% 132
\BOOKMARK [2][-]{subsection.7.13.2}{\376\377\000M\000e\000m\000b\000e\000r\000\040\000F\000u\000n\000c\000t\000i\000o\000n\000\040\000D\000o\000c\000u\000m\000e\000n\000t\000a\000t\000i\000o\000n}{section.7.13}% 133
\BOOKMARK [3][-]{subsubsection.7.13.2.1}{\376\377\000I\000n\000i\000t\000i\000a\000l\000i\000z\000e}{subsection.7.13.2}% 134
\BOOKMARK [3][-]{subsubsection.7.13.2.2}{\376\377\000G\000e\000t\000N\000e\000x\000t}{subsection.7.13.2}% 135
\BOOKMARK [1][-]{section.7.14}{\376\377\000R\000e\000g\000i\000s\000t\000e\000r\000\040\000C\000l\000a\000s\000s\000\040\000R\000e\000f\000e\000r\000e\000n\000c\000e}{chapter.7}% 136
\BOOKMARK [2][-]{subsection.7.14.1}{\376\377\000D\000e\000t\000a\000i\000l\000e\000d\000\040\000D\000e\000s\000c\000r\000i\000p\000t\000i\000o\000n}{section.7.14}% 137
\BOOKMARK [1][-]{section.7.15}{\376\377\000R\000e\000s\000u\000l\000t\000D\000e\000c\000o\000d\000e\000r\000\040\000C\000l\000a\000s\000s\000\040\000R\000e\000f\000e\000r\000e\000n\000c\000e}{chapter.7}% 138
\BOOKMARK [2][-]{subsection.7.15.1}{\376\377\000D\000e\000t\000a\000i\000l\000e\000d\000\040\000D\000e\000s\000c\000r\000i\000p\000t\000i\000o\000n}{section.7.15}% 139
\BOOKMARK [2][-]{subsection.7.15.2}{\376\377\000M\000e\000m\000b\000e\000r\000\040\000F\000u\000n\000c\000t\000i\000o\000n\000\040\000D\000o\000c\000u\000m\000e\000n\000t\000a\000t\000i\000o\000n}{section.7.15}% 140
\BOOKMARK [3][-]{subsubsection.7.15.2.1}{\376\377\000F\000i\000n\000d}{subsection.7.15.2}% 141
\BOOKMARK [2][-]{subsection.7.15.3}{\376\377\000M\000e\000m\000b\000e\000r\000\040\000D\000a\000t\000a\000\040\000D\000o\000c\000u\000m\000e\000n\000t\000a\000t\000i\000o\000n}{section.7.15}% 142
\BOOKMARK [3][-]{subsubsection.7.15.3.1}{\376\377\000\137\000c\000o\000d\000e\000s}{subsection.7.15.3}% 143
\BOOKMARK [1][-]{section.7.16}{\376\377\000W\000i\0001\0001\000\040\000C\000l\000a\000s\000s\000\040\000R\000e\000f\000e\000r\000e\000n\000c\000e}{chapter.7}% 144
\BOOKMARK [2][-]{subsection.7.16.1}{\376\377\000D\000e\000t\000a\000i\000l\000e\000d\000\040\000D\000e\000s\000c\000r\000i\000p\000t\000i\000o\000n}{section.7.16}% 145
\BOOKMARK [2][-]{subsection.7.16.2}{\376\377\000C\000o\000n\000s\000t\000r\000u\000c\000t\000o\000r\000\040\000\046\000\040\000D\000e\000s\000t\000r\000u\000c\000t\000o\000r\000\040\000D\000o\000c\000u\000m\000e\000n\000t\000a\000t\000i\000o\000n}{section.7.16}% 146
\BOOKMARK [3][-]{subsubsection.7.16.2.1}{\376\377\000W\000i\0001\0001}{subsection.7.16.2}% 147
\BOOKMARK [1][-]{section.7.17}{\376\377\000W\000i\0001\0001\000:\000:\000C\000C\000R\000\040\000S\000t\000r\000u\000c\000t\000\040\000R\000e\000f\000e\000r\000e\000n\000c\000e}{chapter.7}% 148
\BOOKMARK [2][-]{subsection.7.17.1}{\376\377\000D\000e\000t\000a\000i\000l\000e\000d\000\040\000D\000e\000s\000c\000r\000i\000p\000t\000i\000o\000n}{section.7.17}% 149
\BOOKMARK [1][-]{section.7.18}{\376\377\000W\000o\000r\000d\000\040\000C\000l\000a\000s\000s\000\040\000R\000e\000f\000e\000r\000e\000n\000c\000e}{chapter.7}% 150
\BOOKMARK [2][-]{subsection.7.18.1}{\376\377\000D\000e\000t\000a\000i\000l\000e\000d\000\040\000D\000e\000s\000c\000r\000i\000p\000t\000i\000o\000n}{section.7.18}% 151
\BOOKMARK [2][-]{subsection.7.18.2}{\376\377\000M\000e\000m\000b\000e\000r\000\040\000F\000u\000n\000c\000t\000i\000o\000n\000\040\000D\000o\000c\000u\000m\000e\000n\000t\000a\000t\000i\000o\000n}{section.7.18}% 152
\BOOKMARK [3][-]{subsubsection.7.18.2.1}{\376\377\000\137\000H\000a\000s\000B\000i\000t}{subsection.7.18.2}% 153
\BOOKMARK [2][-]{subsection.7.18.3}{\376\377\000M\000e\000m\000b\000e\000r\000\040\000D\000a\000t\000a\000\040\000D\000o\000c\000u\000m\000e\000n\000t\000a\000t\000i\000o\000n}{section.7.18}% 154
\BOOKMARK [3][-]{subsubsection.7.18.3.1}{\376\377\000\137\000v\000a\000l\000u\000e}{subsection.7.18.3}% 155
\BOOKMARK [0][-]{chapter.8}{\376\377\000F\000i\000l\000e\000\040\000D\000o\000c\000u\000m\000e\000n\000t\000a\000t\000i\000o\000n}{}% 156
\BOOKMARK [1][-]{section.8.1}{\376\377\000i\000D\000e\000c\000o\000d\000e\000r\000.\000h\000\040\000F\000i\000l\000e\000\040\000R\000e\000f\000e\000r\000e\000n\000c\000e}{chapter.8}% 157
\BOOKMARK [2][-]{subsection.8.1.1}{\376\377\000D\000e\000t\000a\000i\000l\000e\000d\000\040\000D\000e\000s\000c\000r\000i\000p\000t\000i\000o\000n}{section.8.1}% 158
\BOOKMARK [1][-]{section.8.2}{\376\377\000i\000L\000o\000a\000d\000e\000r\000.\000h\000\040\000F\000i\000l\000e\000\040\000R\000e\000f\000e\000r\000e\000n\000c\000e}{chapter.8}% 159
\BOOKMARK [2][-]{subsection.8.2.1}{\376\377\000D\000e\000t\000a\000i\000l\000e\000d\000\040\000D\000e\000s\000c\000r\000i\000p\000t\000i\000o\000n}{section.8.2}% 160
\BOOKMARK [1][-]{section.8.3}{\376\377\000i\000M\000e\000m\000o\000r\000y\000.\000h\000\040\000F\000i\000l\000e\000\040\000R\000e\000f\000e\000r\000e\000n\000c\000e}{chapter.8}% 161
\BOOKMARK [2][-]{subsection.8.3.1}{\376\377\000D\000e\000t\000a\000i\000l\000e\000d\000\040\000D\000e\000s\000c\000r\000i\000p\000t\000i\000o\000n}{section.8.3}% 162
\BOOKMARK [1][-]{section.8.4}{\376\377\000i\000O\000b\000j\000P\000a\000r\000s\000e\000r\000.\000h\000\040\000F\000i\000l\000e\000\040\000R\000e\000f\000e\000r\000e\000n\000c\000e}{chapter.8}% 163
\BOOKMARK [2][-]{subsection.8.4.1}{\376\377\000D\000e\000t\000a\000i\000l\000e\000d\000\040\000D\000e\000s\000c\000r\000i\000p\000t\000i\000o\000n}{section.8.4}% 164
\BOOKMARK [1][-]{section.8.5}{\376\377\000i\000R\000e\000g\000i\000s\000t\000e\000r\000.\000h\000\040\000F\000i\000l\000e\000\040\000R\000e\000f\000e\000r\000e\000n\000c\000e}{chapter.8}% 165
\BOOKMARK [2][-]{subsection.8.5.1}{\376\377\000D\000e\000t\000a\000i\000l\000e\000d\000\040\000D\000e\000s\000c\000r\000i\000p\000t\000i\000o\000n}{section.8.5}% 166
\BOOKMARK [1][-]{section.8.6}{\376\377\000i\000W\000i\0001\0001\000.\000h\000\040\000F\000i\000l\000e\000\040\000R\000e\000f\000e\000r\000e\000n\000c\000e}{chapter.8}% 167
\BOOKMARK [2][-]{subsection.8.6.1}{\376\377\000D\000e\000t\000a\000i\000l\000e\000d\000\040\000D\000e\000s\000c\000r\000i\000p\000t\000i\000o\000n}{section.8.6}% 168
\BOOKMARK [1][-]{section.8.7}{\376\377\000i\000W\000o\000r\000d\000.\000h\000\040\000F\000i\000l\000e\000\040\000R\000e\000f\000e\000r\000e\000n\000c\000e}{chapter.8}% 169
\BOOKMARK [2][-]{subsection.8.7.1}{\376\377\000D\000e\000t\000a\000i\000l\000e\000d\000\040\000D\000e\000s\000c\000r\000i\000p\000t\000i\000o\000n}{section.8.7}% 170
\BOOKMARK [1][-]{section.8.8}{\376\377\000L\000o\000a\000d\000e\000r\000.\000h\000\040\000F\000i\000l\000e\000\040\000R\000e\000f\000e\000r\000e\000n\000c\000e}{chapter.8}% 171
\BOOKMARK [2][-]{subsection.8.8.1}{\376\377\000D\000e\000t\000a\000i\000l\000e\000d\000\040\000D\000e\000s\000c\000r\000i\000p\000t\000i\000o\000n}{section.8.8}% 172
\BOOKMARK [1][-]{section.8.9}{\376\377\000M\000e\000m\000o\000r\000y\000.\000h\000\040\000F\000i\000l\000e\000\040\000R\000e\000f\000e\000r\000e\000n\000c\000e}{chapter.8}% 173
\BOOKMARK [2][-]{subsection.8.9.1}{\376\377\000D\000e\000t\000a\000i\000l\000e\000d\000\040\000D\000e\000s\000c\000r\000i\000p\000t\000i\000o\000n}{section.8.9}% 174
\BOOKMARK [1][-]{section.8.10}{\376\377\000O\000b\000j\000P\000a\000r\000s\000e\000r\000.\000c\000p\000p\000\040\000F\000i\000l\000e\000\040\000R\000e\000f\000e\000r\000e\000n\000c\000e}{chapter.8}% 175
\BOOKMARK [2][-]{subsection.8.10.1}{\376\377\000D\000e\000t\000a\000i\000l\000e\000d\000\040\000D\000e\000s\000c\000r\000i\000p\000t\000i\000o\000n}{section.8.10}% 176
\BOOKMARK [1][-]{section.8.11}{\376\377\000O\000b\000j\000P\000a\000r\000s\000e\000r\000.\000h\000\040\000F\000i\000l\000e\000\040\000R\000e\000f\000e\000r\000e\000n\000c\000e}{chapter.8}% 177
\BOOKMARK [2][-]{subsection.8.11.1}{\376\377\000D\000e\000t\000a\000i\000l\000e\000d\000\040\000D\000e\000s\000c\000r\000i\000p\000t\000i\000o\000n}{section.8.11}% 178
\BOOKMARK [1][-]{section.8.12}{\376\377\000R\000e\000g\000i\000s\000t\000e\000r\000.\000h\000\040\000F\000i\000l\000e\000\040\000R\000e\000f\000e\000r\000e\000n\000c\000e}{chapter.8}% 179
\BOOKMARK [2][-]{subsection.8.12.1}{\376\377\000D\000e\000t\000a\000i\000l\000e\000d\000\040\000D\000e\000s\000c\000r\000i\000p\000t\000i\000o\000n}{section.8.12}% 180
\BOOKMARK [1][-]{section.8.13}{\376\377\000R\000e\000s\000u\000l\000t\000C\000o\000d\000e\000s\000.\000h\000\040\000F\000i\000l\000e\000\040\000R\000e\000f\000e\000r\000e\000n\000c\000e}{chapter.8}% 181
\BOOKMARK [2][-]{subsection.8.13.1}{\376\377\000D\000e\000t\000a\000i\000l\000e\000d\000\040\000D\000e\000s\000c\000r\000i\000p\000t\000i\000o\000n}{section.8.13}% 182
\BOOKMARK [1][-]{section.8.14}{\376\377\000W\000i\0001\0001\000.\000h\000\040\000F\000i\000l\000e\000\040\000R\000e\000f\000e\000r\000e\000n\000c\000e}{chapter.8}% 183
\BOOKMARK [2][-]{subsection.8.14.1}{\376\377\000D\000e\000t\000a\000i\000l\000e\000d\000\040\000D\000e\000s\000c\000r\000i\000p\000t\000i\000o\000n}{section.8.14}% 184
\BOOKMARK [1][-]{section.8.15}{\376\377\000W\000o\000r\000d\000.\000c\000p\000p\000\040\000F\000i\000l\000e\000\040\000R\000e\000f\000e\000r\000e\000n\000c\000e}{chapter.8}% 185
\BOOKMARK [2][-]{subsection.8.15.1}{\376\377\000D\000e\000t\000a\000i\000l\000e\000d\000\040\000D\000e\000s\000c\000r\000i\000p\000t\000i\000o\000n}{section.8.15}% 186
\BOOKMARK [1][-]{section.8.16}{\376\377\000W\000o\000r\000d\000.\000h\000\040\000F\000i\000l\000e\000\040\000R\000e\000f\000e\000r\000e\000n\000c\000e}{chapter.8}% 187
\BOOKMARK [2][-]{subsection.8.16.1}{\376\377\000D\000e\000t\000a\000i\000l\000e\000d\000\040\000D\000e\000s\000c\000r\000i\000p\000t\000i\000o\000n}{section.8.16}% 188
